<?xml version="1.0" encoding="UTF-8"?>
<!-- Generated by org.testng.reporters.JUnitReportReporter -->
<testsuite hostname="Nani-PC" failures="1" tests="5" name="com.accelerator.runners.MyTestRunner" time="141.287" errors="0" timestamp="2021-06-21T13:12:09 IST" skipped="0">
  <testcase classname="com.accelerator.runners.MyTestRunner" name="runScenario" time="14.440"/>
  <system-out/>
  <testcase classname="com.accelerator.runners.MyTestRunner" name="runScenario" time="45.770"/>
  <system-out/>
  <testcase classname="com.accelerator.runners.MyTestRunner" name="runScenario" time="46.118"/>
  <system-out/>
  <testcase classname="com.accelerator.runners.MyTestRunner" name="runScenario" time="14.194"/>
  <system-out/>
  <testcase classname="com.accelerator.runners.MyTestRunner" name="runScenario" time="20.765">
    <failure type="java.lang.AssertionError">
      <![CDATA[java.lang.AssertionError
at org.junit.Assert.fail(Assert.java:87)
at org.junit.Assert.assertTrue(Assert.java:42)
at org.junit.Assert.assertTrue(Assert.java:53)
at com.accelerator.stepdefinitions.LoginPageSteps.page_title_should_be(LoginPageSteps.java:28)
at âœ½.page title should be "My account - My Store"(file:///C:/Users/LENOVO/git/AA_SeleniumGrid_Docker/AutomationAccelerator-seleniumgrid/src/test/resources/features/AccountsPage.feature:12)
]]>
    </failure>
  </testcase> <!-- runScenario -->
  <system-out/>
</testsuite> <!-- com.accelerator.runners.MyTestRunner -->
